/home/panel-control/panel-control/bot_marketing.py:54: DeprecationWarning: datetime.datetime.utcnow() is deprecated and scheduled for removal in a future version. Use timezone-aware objects to represent datetimes in UTC: datetime.datetime.now(datetime.UTC).
  hora_peru = datetime.now(timezone.utc) - timedelta(hours=5)

[2026-05-14 20:00:02] 🤖 Despertando Bot de Marketing...
⏳ Modo orgánico: Esperando 19 minutos antes de disparar...
[2026-05-14 20:19:02] ⏰ Tiempo de espera terminado. Iniciando proceso...
🔎 WAHA: Verificando silenciosamente si 51978293361 existe en WhatsApp...
👻 ¡Fantasma detectado! 51978293361 NO tiene WhatsApp. Archivando cliente...
⚠️ Error al preguntar a WAHA si el número existe: This connection has already initialized a SQLAlchemy Transaction() object via begin() or autobegin; can't call begin() here unless rollback() or commit() is called first.. Asumiremos que existe por si acaso.
🚀 Disparando mensaje a Cliente (51978293361)...
🔥 Error catastrófico en el script: This connection has already initialized a SQLAlchemy Transaction() object via begin() or autobegin; can't call begin() here unless rollback() or commit() is called first.

[2026-05-14 21:00:02] 🤖 Despertando Bot de Marketing...
⏳ Modo orgánico: Esperando 11 minutos antes de disparar...
[2026-05-14 21:11:02] ⏰ Tiempo de espera terminado. Iniciando proceso...
⏰ Fuera de horario. Hora actual en Perú: 21:11:02. Permitido: 07:00:00 a 21:00:00.

[2026-05-14 22:00:01] 🤖 Despertando Bot de Marketing...
⏳ Modo orgánico: Esperando 16 minutos antes de disparar...
[2026-05-14 22:16:01] ⏰ Tiempo de espera terminado. Iniciando proceso...
⏰ Fuera de horario. Hora actual en Perú: 22:16:02. Permitido: 07:00:00 a 21:00:00.

[2026-05-14 23:00:02] 🤖 Despertando Bot de Marketing...
⏳ Modo orgánico: Esperando 2 minutos antes de disparar...
[2026-05-14 23:02:02] ⏰ Tiempo de espera terminado. Iniciando proceso...
⏰ Fuera de horario. Hora actual en Perú: 23:02:02. Permitido: 07:00:00 a 21:00:00.

[2026-05-15 00:00:02] 🤖 Despertando Bot de Marketing...
⏳ Modo orgánico: Esperando 19 minutos antes de disparar...
[2026-05-15 00:19:02] ⏰ Tiempo de espera terminado. Iniciando proceso...
⏰ Fuera de horario. Hora actual en Perú: 00:19:02. Permitido: 07:00:00 a 21:00:00.

[2026-05-15 01:00:02] 🤖 Despertando Bot de Marketing...
⏳ Modo orgánico: Esperando 7 minutos antes de disparar...
[2026-05-15 01:07:02] ⏰ Tiempo de espera terminado. Iniciando proceso...
⏰ Fuera de horario. Hora actual en Perú: 01:07:02. Permitido: 07:00:00 a 21:00:00.

[2026-05-15 02:00:02] 🤖 Despertando Bot de Marketing...
⏳ Modo orgánico: Esperando 32 minutos antes de disparar...
[2026-05-15 02:32:02] ⏰ Tiempo de espera terminado. Iniciando proceso...
⏰ Fuera de horario. Hora actual en Perú: 02:32:02. Permitido: 07:00:00 a 21:00:00.

[2026-05-15 03:00:02] 🤖 Despertando Bot de Marketing...
⏳ Modo orgánico: Esperando 5 minutos antes de disparar...
[2026-05-15 03:05:02] ⏰ Tiempo de espera terminado. Iniciando proceso...
⏰ Fuera de horario. Hora actual en Perú: 03:05:02. Permitido: 07:00:00 a 21:00:00.

[2026-05-15 04:00:02] 🤖 Despertando Bot de Marketing...
⏳ Modo orgánico: Esperando 13 minutos antes de disparar...
[2026-05-15 04:13:02] ⏰ Tiempo de espera terminado. Iniciando proceso...
⏰ Fuera de horario. Hora actual en Perú: 04:13:02. Permitido: 07:00:00 a 21:00:00.
