⏳ Iniciando sincronización con control de visibilidad...
📦 Datos locales: 1781 SKUs procesados.
🌐 Mapeando productos en la web...
🚀 Actualizando 877 productos y su visibilidad...
✅ Lote 1 sincronizado.
✅ Lote 2 sincronizado.
✅ Lote 3 sincronizado.
✅ Lote 4 sincronizado.
✅ Lote 5 sincronizado.
✅ Lote 6 sincronizado.
✅ Lote 7 sincronizado.
✅ Lote 8 sincronizado.
✅ Lote 9 sincronizado.
🎉 ¡Sincronización terminada! Los productos agotados ahora están ocultos en tu shop.
⏳ Iniciando sincronización con control de visibilidad...
📦 Datos locales: 1782 SKUs procesados.
🌐 Mapeando productos en la web...
🚀 Actualizando 878 productos y su visibilidad...
✅ Lote 1 sincronizado.
✅ Lote 2 sincronizado.
✅ Lote 3 sincronizado.
✅ Lote 4 sincronizado.
✅ Lote 5 sincronizado.
✅ Lote 6 sincronizado.
✅ Lote 7 sincronizado.
✅ Lote 8 sincronizado.
✅ Lote 9 sincronizado.
🎉 ¡Sincronización terminada! Los productos agotados ahora están ocultos en tu shop.
